<?xml version="1.0" encoding="UTF-8"?>
<!-- Generated by org.testng.reporters.JUnitXMLReporter -->
<testsuite ignored="0" hostname="DESKTOP-HA3CHSD" failures="1" tests="2" name="Default test" time="17.682" errors="0" timestamp="2024-12-21T11:45:59 IST">
  <testcase classname="io.cucumber.testng.AbstractTestNGCucumberTests" name="runScenario" time="10.282">
    <failure type="java.lang.AssertionError" message="expected [anan] but found [anandraj]">
      <![CDATA[java.lang.AssertionError: expected [anan] but found [anandraj]
at org.testng.Assert.fail(Assert.java:111)
at org.testng.Assert.failNotEquals(Assert.java:1578)
at org.testng.Assert.assertEqualsImpl(Assert.java:150)
at org.testng.Assert.assertEquals(Assert.java:132)
at org.testng.Assert.assertEquals(Assert.java:656)
at org.testng.Assert.assertEquals(Assert.java:666)
at com.stepdefenitions.loginSteps.theUserShouldBeAbleToLoginSuccessfully(loginSteps.java:41)
at ✽.the user should be able to login successfully(file:///C:/Users/Admin/eclipse-workspace/cucumberFramework/src/test/java/com/features/login.feature:13)
]]>
    </failure>
  </testcase> <!-- runScenario -->
  <testcase classname="io.cucumber.testng.AbstractTestNGCucumberTests" name="runScenario" time="6.22"/>
</testsuite> <!-- Default test -->
