<?xml version="1.0" encoding="UTF-8"?>
<testng-results ignored="0" total="6" passed="6" failed="0" skipped="0">
  <reporter-output>
  </reporter-output>
  <suite started-at="2024-12-27T10:04:44 IST" name="Suite" finished-at="2024-12-27T10:05:53 IST" duration-ms="69228">
    <groups>
      <group name="cucumber">
        <method signature="AbstractTestNGCucumberTests.runScenario(io.cucumber.testng.PickleWrapper,io.cucumber.testng.FeatureWrapper)[pri:0, instance:com.runners.cartpageTestRunner@2df3b89c]" name="runScenario" class="io.cucumber.testng.AbstractTestNGCucumberTests"/>
        <method signature="AbstractTestNGCucumberTests.runScenario(io.cucumber.testng.PickleWrapper,io.cucumber.testng.FeatureWrapper)[pri:0, instance:com.runners.loginPageTestRunner@6200f9cb]" name="runScenario" class="io.cucumber.testng.AbstractTestNGCucumberTests"/>
      </group> <!-- cucumber -->
    </groups>
    <test started-at="2024-12-27T10:04:44 IST" name="Test" finished-at="2024-12-27T10:05:53 IST" duration-ms="69228">
      <class name="com.runners.cartpageTestRunner">
        <test-method is-config="true" signature="setUpClass(org.testng.ITestContext)[pri:0, instance:com.runners.cartpageTestRunner@2df3b89c]" started-at="2024-12-27T10:04:44 IST" name="setUpClass" finished-at="2024-12-27T10:04:45 IST" duration-ms="1367" status="PASS">
          <params>
            <param index="0">
              <value>
                <![CDATA[org.testng.TestRunner@5460edd3]]>
              </value>
            </param>
          </params>
          <reporter-output>
          </reporter-output>
        </test-method> <!-- setUpClass -->
        <test-method signature="runScenario(io.cucumber.testng.PickleWrapper,io.cucumber.testng.FeatureWrapper)[pri:0, instance:com.runners.cartpageTestRunner@2df3b89c]" started-at="2024-12-27T10:04:45 IST" name="runScenario" description="Runs Cucumber Scenarios" data-provider="scenarios" finished-at="2024-12-27T10:05:00 IST" duration-ms="14670" status="PASS">
          <params>
            <param index="0">
              <value>
                <![CDATA["cartpage should be updated"]]>
              </value>
            </param>
            <param index="1">
              <value>
                <![CDATA["Bookcart Application place order"]]>
              </value>
            </param>
          </params>
          <reporter-output>
          </reporter-output>
        </test-method> <!-- runScenario -->
        <test-method signature="runScenario(io.cucumber.testng.PickleWrapper,io.cucumber.testng.FeatureWrapper)[pri:0, instance:com.runners.cartpageTestRunner@2df3b89c]" started-at="2024-12-27T10:05:00 IST" name="runScenario" description="Runs Cucumber Scenarios" data-provider="scenarios" finished-at="2024-12-27T10:05:12 IST" duration-ms="12021" status="PASS">
          <params>
            <param index="0">
              <value>
                <![CDATA["cartpage should be updated"]]>
              </value>
            </param>
            <param index="1">
              <value>
                <![CDATA["Bookcart Application place order"]]>
              </value>
            </param>
          </params>
          <reporter-output>
          </reporter-output>
        </test-method> <!-- runScenario -->
        <test-method signature="runScenario(io.cucumber.testng.PickleWrapper,io.cucumber.testng.FeatureWrapper)[pri:0, instance:com.runners.cartpageTestRunner@2df3b89c]" started-at="2024-12-27T10:05:12 IST" name="runScenario" description="Runs Cucumber Scenarios" data-provider="scenarios" finished-at="2024-12-27T10:05:24 IST" duration-ms="11853" status="PASS">
          <params>
            <param index="0">
              <value>
                <![CDATA["cartpage should be updated"]]>
              </value>
            </param>
            <param index="1">
              <value>
                <![CDATA["Bookcart Application place order"]]>
              </value>
            </param>
          </params>
          <reporter-output>
          </reporter-output>
        </test-method> <!-- runScenario -->
        <test-method signature="runScenario(io.cucumber.testng.PickleWrapper,io.cucumber.testng.FeatureWrapper)[pri:0, instance:com.runners.cartpageTestRunner@2df3b89c]" started-at="2024-12-27T10:05:24 IST" name="runScenario" description="Runs Cucumber Scenarios" data-provider="scenarios" finished-at="2024-12-27T10:05:37 IST" duration-ms="12903" status="PASS">
          <params>
            <param index="0">
              <value>
                <![CDATA["cartpage should be updated"]]>
              </value>
            </param>
            <param index="1">
              <value>
                <![CDATA["Bookcart Application place order"]]>
              </value>
            </param>
          </params>
          <reporter-output>
          </reporter-output>
        </test-method> <!-- runScenario -->
        <test-method is-config="true" signature="tearDownClass()[pri:0, instance:com.runners.cartpageTestRunner@2df3b89c]" started-at="2024-12-27T10:05:37 IST" name="tearDownClass" finished-at="2024-12-27T10:05:37 IST" duration-ms="717" status="PASS">
          <reporter-output>
          </reporter-output>
        </test-method> <!-- tearDownClass -->
      </class> <!-- com.runners.cartpageTestRunner -->
      <class name="com.runners.loginPageTestRunner">
        <test-method is-config="true" signature="setUpClass(org.testng.ITestContext)[pri:0, instance:com.runners.loginPageTestRunner@6200f9cb]" started-at="2024-12-27T10:05:37 IST" name="setUpClass" finished-at="2024-12-27T10:05:37 IST" duration-ms="29" status="PASS">
          <params>
            <param index="0">
              <value>
                <![CDATA[org.testng.TestRunner@5460edd3]]>
              </value>
            </param>
          </params>
          <reporter-output>
          </reporter-output>
        </test-method> <!-- setUpClass -->
        <test-method signature="runScenario(io.cucumber.testng.PickleWrapper,io.cucumber.testng.FeatureWrapper)[pri:0, instance:com.runners.loginPageTestRunner@6200f9cb]" started-at="2024-12-27T10:05:37 IST" name="runScenario" description="Runs Cucumber Scenarios" data-provider="scenarios" finished-at="2024-12-27T10:05:45 IST" duration-ms="7825" status="PASS">
          <params>
            <param index="0">
              <value>
                <![CDATA["Login should be successful"]]>
              </value>
            </param>
            <param index="1">
              <value>
                <![CDATA["Bookcart Application Login"]]>
              </value>
            </param>
          </params>
          <reporter-output>
          </reporter-output>
        </test-method> <!-- runScenario -->
        <test-method signature="runScenario(io.cucumber.testng.PickleWrapper,io.cucumber.testng.FeatureWrapper)[pri:0, instance:com.runners.loginPageTestRunner@6200f9cb]" started-at="2024-12-27T10:05:45 IST" name="runScenario" description="Runs Cucumber Scenarios" data-provider="scenarios" finished-at="2024-12-27T10:05:53 IST" duration-ms="7595" status="PASS">
          <params>
            <param index="0">
              <value>
                <![CDATA["Login should fail"]]>
              </value>
            </param>
            <param index="1">
              <value>
                <![CDATA["Bookcart Application Login"]]>
              </value>
            </param>
          </params>
          <reporter-output>
          </reporter-output>
        </test-method> <!-- runScenario -->
        <test-method is-config="true" signature="tearDownClass()[pri:0, instance:com.runners.loginPageTestRunner@6200f9cb]" started-at="2024-12-27T10:05:53 IST" name="tearDownClass" finished-at="2024-12-27T10:05:53 IST" duration-ms="84" status="PASS">
          <reporter-output>
          </reporter-output>
        </test-method> <!-- tearDownClass -->
      </class> <!-- com.runners.loginPageTestRunner -->
    </test> <!-- Test -->
  </suite> <!-- Suite -->
</testng-results>
