<?xml version="1.0" encoding="UTF-8"?>
<!-- Generated by org.testng.reporters.JUnitReportReporter -->
<testsuite hostname="DESKTOP-HA3CHSD" failures="1" tests="2" name="com.runners.testRunner" time="16.502" errors="0" timestamp="2024-12-21T11:46:00 IST" skipped="0">
  <testcase classname="com.runners.testRunner" name="runScenario" time="10.282">
    <failure message="expected [anan] but found [anandraj]" type="java.lang.AssertionError">
      <![CDATA[java.lang.AssertionError: expected [anan] but found [anandraj]
at org.testng.Assert.fail(Assert.java:111)
at org.testng.Assert.failNotEquals(Assert.java:1578)
at org.testng.Assert.assertEqualsImpl(Assert.java:150)
at org.testng.Assert.assertEquals(Assert.java:132)
at org.testng.Assert.assertEquals(Assert.java:656)
at org.testng.Assert.assertEquals(Assert.java:666)
at com.stepdefenitions.loginSteps.theUserShouldBeAbleToLoginSuccessfully(loginSteps.java:41)
at ✽.the user should be able to login successfully(file:///C:/Users/Admin/eclipse-workspace/cucumberFramework/src/test/java/com/features/login.feature:13)
]]>
    </failure>
  </testcase> <!-- runScenario -->
  <testcase classname="com.runners.testRunner" name="runScenario" time="6.220"/>
</testsuite> <!-- com.runners.testRunner -->
